<?xml version="1.0" encoding="UTF-8"?>
<!-- Generated by org.testng.reporters.JUnitReportReporter -->
<testsuite skipped="0" hostname="PCHNWC-198" name="com.TestPages.LoginPageTest" tests="1" failures="0" timestamp="29 Mar 2019 08:16:40 GMT" time="8.540" errors="0">
  <testcase name="login" time="8.540" classname="com.TestPages.LoginPageTest"/>
</testsuite> <!-- com.TestPages.LoginPageTest -->
